<?xml version="1.0" encoding="UTF-8"?>
<!-- Generated by org.testng.reporters.JUnitXMLReporter -->
<testsuite hostname="DESKTOP-PFPCE4U" ignored="0" name="edgeTest" tests="6" failures="1" timestamp="2020-08-11T14:55:42 IST" time="34.629" errors="0">
  <testcase name="checkUrl" time="0.018" classname="VizTest.FirstTest"/>
  <testcase name="clientLogin" time="7.691" classname="VizTest.FirstTest"/>
  <testcase name="clickViz" time="0.126" classname="VizTest.FirstTest"/>
  <testcase name="userProfile" time="0.789" classname="VizTest.FirstTest"/>
  <testcase name="editUser" time="3.076" classname="VizTest.FirstTest">
    <failure type="java.lang.AssertionError" message="expected [Jon] but found [JonJonJonJon]">
      <![CDATA[java.lang.AssertionError: expected [Jon] but found [JonJonJonJon]
at VizTest.FirstTest.editUser(FirstTest.java:162)
at java.util.ArrayList.forEach(Unknown Source)
... Removed 32 stack frames]]>
    </failure>
  </testcase> <!-- editUser -->
  <testcase name="logoutUser" time="0.369" classname="VizTest.FirstTest"/>
</testsuite> <!-- edgeTest -->
