<?xml version="1.0" encoding="UTF-8"?>
<!-- Generated by org.testng.reporters.JUnitXMLReporter -->
<testsuite hostname="DESKTOP-PFPCE4U" ignored="0" name="firefoxTest" tests="6" failures="0" timestamp="2020-08-11T14:53:53 IST" time="25.682" errors="0">
  <testcase name="checkUrl" time="0.029" classname="VizTest.FirstTest"/>
  <testcase name="clientLogin" time="6.266" classname="VizTest.FirstTest"/>
  <testcase name="clickViz" time="0.286" classname="VizTest.FirstTest"/>
  <testcase name="userProfile" time="0.739" classname="VizTest.FirstTest"/>
  <testcase name="editUser" time="6.148" classname="VizTest.FirstTest"/>
  <testcase name="logoutUser" time="0.697" classname="VizTest.FirstTest"/>
</testsuite> <!-- firefoxTest -->
