<?xml version="1.0" encoding="UTF-8"?>
<!-- Generated by org.testng.reporters.JUnitXMLReporter -->
<testsuite hostname="DESKTOP-PFPCE4U" ignored="0" name="ieTest" tests="1" failures="0" timestamp="2020-08-11T10:24:39 IST" time="314.838" errors="0">
  <testcase name="@BeforeTest openBrowser" time="314.808" classname="VizTest.loginLogout">
    <failure type="org.openqa.selenium.TimeoutException" message="Timed out waiting for page to load.
Build info: version: &amp;apos;unknown&amp;apos;, revision: &amp;apos;unknown&amp;apos;, time: &amp;apos;unknown&amp;apos;
System info: host: &amp;apos;DESKTOP-PFPCE4U&amp;apos;, ip: &amp;apos;192.168.0.105&amp;apos;, os.name: &amp;apos;Windows 10&amp;apos;, os.arch: &amp;apos;amd64&amp;apos;, os.version: &amp;apos;10.0&amp;apos;, java.version: &amp;apos;1.8.0_251&amp;apos;
Driver info: org.openqa.selenium.ie.InternetExplorerDriver
Capabilities [{se:ieOptions={browserAttachTimeout=0.0, enablePersistentHover=true, ie.forceCreateProcessApi=false, ie.edgepath=, ignoreZoomSetting=false, ie.fileUploadDialogTimeout=3000.0, nativeEvents=true, ie.edgechromium=false, ie.ensureCleanSession=false, elementScrollBehavior=0.0, ie.browserCommandLineSwitches=, requireWindowFocus=false, initialBrowserUrl=http://localhost:18867/, ignoreProtectedModeSettings=false}, timeouts={implicit=0.0, pageLoad=300000.0, script=30000.0}, pageLoadStrategy=normal, unhandledPromptBehavior=dismiss and notify, strictFileInteractability=false, platform=ANY, proxy=Proxy(), acceptInsecureCerts=false, browserVersion=11, browserName=internet explorer, javascriptEnabled=true, platformName=windows, setWindowRect=true}]
Session ID: 78cde41b-6372-44f2-9b2d-ddda8df21f63">
      <![CDATA[org.openqa.selenium.TimeoutException: Timed out waiting for page to load.
Build info: version: 'unknown', revision: 'unknown', time: 'unknown'
System info: host: 'DESKTOP-PFPCE4U', ip: '192.168.0.105', os.name: 'Windows 10', os.arch: 'amd64', os.version: '10.0', java.version: '1.8.0_251'
Driver info: org.openqa.selenium.ie.InternetExplorerDriver
Capabilities [{se:ieOptions={browserAttachTimeout=0.0, enablePersistentHover=true, ie.forceCreateProcessApi=false, ie.edgepath=, ignoreZoomSetting=false, ie.fileUploadDialogTimeout=3000.0, nativeEvents=true, ie.edgechromium=false, ie.ensureCleanSession=false, elementScrollBehavior=0.0, ie.browserCommandLineSwitches=, requireWindowFocus=false, initialBrowserUrl=http://localhost:18867/, ignoreProtectedModeSettings=false}, timeouts={implicit=0.0, pageLoad=300000.0, script=30000.0}, pageLoadStrategy=normal, unhandledPromptBehavior=dismiss and notify, strictFileInteractability=false, platform=ANY, proxy=Proxy(), acceptInsecureCerts=false, browserVersion=11, browserName=internet explorer, javascriptEnabled=true, platformName=windows, setWindowRect=true}]
Session ID: 78cde41b-6372-44f2-9b2d-ddda8df21f63
at org.openqa.selenium.remote.http.W3CHttpResponseCodec.createException(W3CHttpResponseCodec.java:150)
at org.openqa.selenium.remote.http.W3CHttpResponseCodec.decode(W3CHttpResponseCodec.java:115)
at org.openqa.selenium.remote.http.W3CHttpResponseCodec.decode(W3CHttpResponseCodec.java:45)
at org.openqa.selenium.remote.HttpCommandExecutor.execute(HttpCommandExecutor.java:164)
at org.openqa.selenium.remote.service.DriverCommandExecutor.execute(DriverCommandExecutor.java:82)
at org.openqa.selenium.remote.RemoteWebDriver.execute(RemoteWebDriver.java:637)
at org.openqa.selenium.remote.RemoteWebDriver.get(RemoteWebDriver.java:364)
at VizTest.loginLogout.openBrowser(loginLogout.java:61)
at java.util.concurrent.FutureTask.run(Unknown Source)
at java.util.concurrent.ThreadPoolExecutor.runWorker(Unknown Source)
at java.util.concurrent.ThreadPoolExecutor$Worker.run(Unknown Source)
at java.lang.Thread.run(Unknown Source)
... Removed 19 stack frames]]>
    </failure>
  </testcase> <!-- @BeforeTest openBrowser -->
  <testcase name="@AfterTest closeBrowser" time="-1.597121679913E9" classname="VizTest.loginLogout">
    <skipped/>
  </testcase> <!-- @AfterTest closeBrowser -->
  <testcase name="Login" time="0.0" classname="VizTest.loginLogout">
    <skipped/>
  </testcase> <!-- Login -->
</testsuite> <!-- ieTest -->
