<?xml version="1.0" encoding="UTF-8"?>
<!-- Generated by org.testng.reporters.JUnitXMLReporter -->
<testsuite hostname="DESKTOP-PFPCE4U" ignored="0" name="Default test" tests="6" failures="0" timestamp="2020-08-08T19:09:08 IST" time="25.735" errors="0">
  <testcase name="checkUrl" time="0.04" classname="VizTest.FirstTest"/>
  <testcase name="clickLoginButton" time="5.219" classname="VizTest.FirstTest"/>
  <testcase name="clientLogin" time="1.401" classname="VizTest.FirstTest"/>
  <testcase name="clickViz" time="0.296" classname="VizTest.FirstTest"/>
  <testcase name="profileUser" time="0.787" classname="VizTest.FirstTest"/>
  <testcase name="editUser" time="6.098" classname="VizTest.FirstTest"/>
</testsuite> <!-- Default test -->
