<?xml version="1.0" encoding="UTF-8"?>
<!-- Generated by org.testng.reporters.JUnitXMLReporter -->
<testsuite hostname="DESKTOP-PFPCE4U" ignored="0" name="Default test" tests="6" failures="0" timestamp="2020-08-11T00:23:47 IST" time="63.731" errors="0">
  <testcase name="checkUrl" time="0.03" classname="VizTest.FirstTest"/>
  <testcase name="clientLogin" time="16.371" classname="VizTest.FirstTest"/>
  <testcase name="clickViz" time="0.351" classname="VizTest.FirstTest"/>
  <testcase name="userProfile" time="1.729" classname="VizTest.FirstTest"/>
  <testcase name="editUser" time="12.855" classname="VizTest.FirstTest"/>
  <testcase name="logoutUser" time="0.878" classname="VizTest.FirstTest"/>
</testsuite> <!-- Default test -->
